<?xml version="1.0" encoding="UTF-8"?>
<!-- Generated by org.testng.reporters.JUnitReportReporter -->
<testsuite skipped="0" hostname="pc-PC" name="com.flipkart.qa.testcases.DropDownSelection" tests="1" failures="0" timestamp="02 Aug 2018 16:31:54 GMT" time="15.297" errors="0">
  <testcase name="dropDown" time="15.297" classname="com.flipkart.qa.testcases.DropDownSelection"/>
</testsuite> <!-- com.flipkart.qa.testcases.DropDownSelection -->
