<?xml version="1.0" encoding="UTF-8"?>
<!-- Generated by org.testng.reporters.JUnitReportReporter -->
<testsuite skipped="0" hostname="pc-PC" name="com.flipkart.qa.testcases.TestSequence" tests="3" failures="0" timestamp="07 Jul 2018 07:45:23 GMT" time="0.017" errors="0">
  <testcase name="funca" time="0.014" classname="com.flipkart.qa.testcases.TestSequence"/>
  <testcase name="funcb" time="0.002" classname="com.flipkart.qa.testcases.TestSequence"/>
  <testcase name="funcc" time="0.001" classname="com.flipkart.qa.testcases.TestSequence"/>
</testsuite> <!-- com.flipkart.qa.testcases.TestSequence -->
