<?xml version="1.0" encoding="UTF-8"?>
<!-- Generated by org.testng.reporters.JUnitReportReporter -->
<testsuite skipped="0" hostname="pc-PC" name="com.flipkart.qa.testcases.LaunchGoogle" tests="1" failures="0" timestamp="24 Aug 2018 18:42:37 GMT" time="9.396" errors="0">
  <testcase name="loginfunctionality" time="9.396" classname="com.flipkart.qa.testcases.LaunchGoogle"/>
</testsuite> <!-- com.flipkart.qa.testcases.LaunchGoogle -->
