<?xml version="1.0" encoding="UTF-8"?>
<!-- Generated by org.testng.reporters.JUnitReportReporter -->
<testsuite hostname="pc-PC" name="com.flipkart.qa.util.GenerateExtentReport" tests="1" failures="0" timestamp="30 Apr 2018 11:25:14 GMT" time="0.034" errors="0">
  <testcase name="passTest" time="0.034" classname="com.flipkart.qa.util.GenerateExtentReport"/>
</testsuite> <!-- com.flipkart.qa.util.GenerateExtentReport -->
