<?xml version="1.0" encoding="UTF-8"?>
<!-- Generated by org.testng.reporters.JUnitReportReporter -->
<testsuite skipped="0" hostname="pc-PC" name="com.flipkart.qa.testcases.LaunchGoogle" tests="1" failures="0" timestamp="24 Aug 2018 19:00:48 GMT" time="10.387" errors="0">
  <testcase name="loginfunctionality" time="10.387" classname="com.flipkart.qa.testcases.LaunchGoogle"/>
</testsuite> <!-- com.flipkart.qa.testcases.LaunchGoogle -->
